# JRE version: 7.0_17-b02
# Java VM: Java HotSpot(TM) 64-Bit Server VM (23.7-b01 mixed mode windows-amd64 compressed oops)
Heap
 PSYoungGen      total 1206080K, used 1205248K [0x00000007b5600000, 0x0000000800000000, 0x0000000800000000)
  eden space 1189504K, 100% used [0x00000007b5600000,0x00000007fdfa0000,0x00000007fdfa0000)
  from space 16576K, 94% used [0x00000007fdfa0000,0x00000007fef00000,0x00000007fefd0000)
  to   space 16512K, 0% used [0x00000007fefe0000,0x00000007fefe0000,0x0000000800000000)
 ParOldGen       total 2168832K, used 2168662K [0x0000000720200000, 0x00000007a4800000, 0x00000007b5600000)
  object space 2168832K, 99% used [0x0000000720200000,0x00000007a47d6068,0x00000007a4800000)
 PSPermGen       total 59200K, used 49923K [0x000000071b000000, 0x000000071e9d0000, 0x0000000720200000)
  object space 59200K, 84% used [0x000000071b000000,0x000000071e0c0ea8,0x000000071e9d0000)
GC Heap History (10 events):
Event: 6306.999 GC heap before
{Heap before GC invocations=6275 (full 16):
 PSYoungGen      total 1205504K, used 1204800K [0x00000007b5600000, 0x00000007fffb0000, 0x0000000800000000)
  eden space 1189056K, 100% used [0x00000007b5600000,0x00000007fdf30000,0x00000007fdf30000)
  from space 16448K, 95% used [0x00000007fefa0000,0x00000007fff00000,0x00000007fffb0000)
  to   space 16640K, 0% used [0x00000007fdf30000,0x00000007fdf30000,0x00000007fef70000)
 ParOldGen       total 1179840K, used 996588K [0x0000000720200000, 0x0000000768230000, 0x00000007b5600000)
  object space 1179840K, 84% used [0x0000000720200000,0x000000075cf3b190,0x0000000768230000)
 PSPermGen       total 59200K, used 49923K [0x000000071b000000, 0x000000071e9d0000, 0x0000000720200000)
  object space 59200K, 84% used [0x000000071b000000,0x000000071e0c0ea8,0x000000071e9d0000)
Event: 6307.023 GC heap after
Heap after GC invocations=6275 (full 16):
 PSYoungGen      total 1205696K, used 15744K [0x00000007b5600000, 0x0000000800000000, 0x0000000800000000)
  eden space 1189056K, 0% used [0x00000007b5600000,0x00000007b5600000,0x00000007fdf30000)
  from space 16640K, 94% used [0x00000007fdf30000,0x00000007fee90000,0x00000007fef70000)
  to   space 16576K, 0% used [0x00000007fefd0000,0x00000007fefd0000,0x0000000800000000)
 ParOldGen       total 1179840K, used 996660K [0x0000000720200000, 0x0000000768230000, 0x00000007b5600000)
  object space 1179840K, 84% used [0x0000000720200000,0x000000075cf4d190,0x0000000768230000)
 PSPermGen       total 59200K, used 49923K [0x000000071b000000, 0x000000071e9d0000, 0x0000000720200000)
  object space 59200K, 84% used [0x000000071b000000,0x000000071e0c0ea8,0x000000071e9d0000)
}
Event: 6307.986 GC heap before
{Heap before GC invocations=6276 (full 16):
 PSYoungGen      total 1205696K, used 1204800K [0x00000007b5600000, 0x0000000800000000, 0x0000000800000000)
  eden space 1189056K, 100% used [0x00000007b5600000,0x00000007fdf30000,0x00000007fdf30000)
  from space 16640K, 94% used [0x00000007fdf30000,0x00000007fee90000,0x00000007fef70000)
  to   space 16576K, 0% used [0x00000007fefd0000,0x00000007fefd0000,0x0000000800000000)
 ParOldGen       total 1179840K, used 996660K [0x0000000720200000, 0x0000000768230000, 0x00000007b5600000)
  object space 1179840K, 84% used [0x0000000720200000,0x000000075cf4d190,0x0000000768230000)
 PSPermGen       total 59200K, used 49923K [0x000000071b000000, 0x000000071e9d0000, 0x0000000720200000)
  object space 59200K, 84% used [0x000000071b000000,0x000000071e0c0ea8,0x000000071e9d0000)
Event: 6308.009 GC heap after
Heap after GC invocations=6276 (full 16):
 PSYoungGen      total 1205824K, used 15680K [0x00000007b5600000, 0x00000007fffd0000, 0x0000000800000000)
  eden space 1189440K, 0% used [0x00000007b5600000,0x00000007b5600000,0x00000007fdf90000)
  from space 16384K, 95% used [0x00000007fefd0000,0x00000007fff20000,0x00000007fffd0000)
  to   space 16512K, 0% used [0x00000007fdf90000,0x00000007fdf90000,0x00000007fefb0000)
 ParOldGen       total 1179840K, used 996732K [0x0000000720200000, 0x0000000768230000, 0x00000007b5600000)
  object space 1179840K, 84% used [0x0000000720200000,0x000000075cf5f190,0x0000000768230000)
 PSPermGen       total 59200K, used 49923K [0x000000071b000000, 0x000000071e9d0000, 0x0000000720200000)
  object space 59200K, 84% used [0x000000071b000000,0x000000071e0c0ea8,0x000000071e9d0000)
}
Event: 6308.965 GC heap before
{Heap before GC invocations=6277 (full 16):
 PSYoungGen      total 1205824K, used 1205120K [0x00000007b5600000, 0x00000007fffd0000, 0x0000000800000000)
  eden space 1189440K, 100% used [0x00000007b5600000,0x00000007fdf90000,0x00000007fdf90000)
  from space 16384K, 95% used [0x00000007fefd0000,0x00000007fff20000,0x00000007fffd0000)
  to   space 16512K, 0% used [0x00000007fdf90000,0x00000007fdf90000,0x00000007fefb0000)
 ParOldGen       total 1179840K, used 996732K [0x0000000720200000, 0x0000000768230000, 0x00000007b5600000)
  object space 1179840K, 84% used [0x0000000720200000,0x000000075cf5f190,0x0000000768230000)
 PSPermGen       total 59200K, used 49923K [0x000000071b000000, 0x000000071e9d0000, 0x0000000720200000)
  object space 59200K, 84% used [0x000000071b000000,0x000000071e0c0ea8,0x000000071e9d0000)
Event: 6308.989 GC heap after
Heap after GC invocations=6277 (full 16):
 PSYoungGen      total 1205952K, used 15680K [0x00000007b5600000, 0x0000000800000000, 0x0000000800000000)
  eden space 1189440K, 0% used [0x00000007b5600000,0x00000007b5600000,0x00000007fdf90000)
  from space 16512K, 94% used [0x00000007fdf90000,0x00000007feee0000,0x00000007fefb0000)
  to   space 16448K, 0% used [0x00000007feff0000,0x00000007feff0000,0x0000000800000000)
 ParOldGen       total 1179840K, used 996804K [0x0000000720200000, 0x0000000768230000, 0x00000007b5600000)
  object space 1179840K, 84% used [0x0000000720200000,0x000000075cf71190,0x0000000768230000)
 PSPermGen       total 59200K, used 49923K [0x000000071b000000, 0x000000071e9d0000, 0x0000000720200000)
  object space 59200K, 84% used [0x000000071b000000,0x000000071e0c0ea8,0x000000071e9d0000)
}
Event: 6309.952 GC heap before
{Heap before GC invocations=6278 (full 16):
 PSYoungGen      total 1205952K, used 1205120K [0x00000007b5600000, 0x0000000800000000, 0x0000000800000000)
  eden space 1189440K, 100% used [0x00000007b5600000,0x00000007fdf90000,0x00000007fdf90000)
  from space 16512K, 94% used [0x00000007fdf90000,0x00000007feee0000,0x00000007fefb0000)
  to   space 16448K, 0% used [0x00000007feff0000,0x00000007feff0000,0x0000000800000000)
 ParOldGen       total 1179840K, used 996804K [0x0000000720200000, 0x0000000768230000, 0x00000007b5600000)
  object space 1179840K, 84% used [0x0000000720200000,0x000000075cf71190,0x0000000768230000)
 PSPermGen       total 59200K, used 49923K [0x000000071b000000, 0x000000071e9d0000, 0x0000000720200000)
  object space 59200K, 84% used [0x000000071b000000,0x000000071e0c0ea8,0x000000071e9d0000)
Event: 6309.975 GC heap after
Heap after GC invocations=6278 (full 16):
 PSYoungGen      total 1205952K, used 16224K [0x00000007b5600000, 0x0000000800000000, 0x0000000800000000)
  eden space 1189504K, 0% used [0x00000007b5600000,0x00000007b5600000,0x00000007fdfa0000)
  from space 16448K, 98% used [0x00000007feff0000,0x00000007fffc8000,0x0000000800000000)
  to   space 16576K, 0% used [0x00000007fdfa0000,0x00000007fdfa0000,0x00000007fefd0000)
 ParOldGen       total 1179840K, used 996884K [0x0000000720200000, 0x0000000768230000, 0x00000007b5600000)
  object space 1179840K, 84% used [0x0000000720200000,0x000000075cf85190,0x0000000768230000)
 PSPermGen       total 59200K, used 49923K [0x000000071b000000, 0x000000071e9d0000, 0x0000000720200000)
  object space 59200K, 84% used [0x000000071b000000,0x000000071e0c0ea8,0x000000071e9d0000)
}
Event: 6310.932 GC heap before
{Heap before GC invocations=6279 (full 16):
 PSYoungGen      total 1205952K, used 1205728K [0x00000007b5600000, 0x0000000800000000, 0x0000000800000000)
  eden space 1189504K, 100% used [0x00000007b5600000,0x00000007fdfa0000,0x00000007fdfa0000)
  from space 16448K, 98% used [0x00000007feff0000,0x00000007fffc8000,0x0000000800000000)
  to   space 16576K, 0% used [0x00000007fdfa0000,0x00000007fdfa0000,0x00000007fefd0000)
 ParOldGen       total 1179840K, used 996884K [0x0000000720200000, 0x0000000768230000, 0x00000007b5600000)
  object space 1179840K, 84% used [0x0000000720200000,0x000000075cf85190,0x0000000768230000)
 PSPermGen       total 59200K, used 49923K [0x000000071b000000, 0x000000071e9d0000, 0x0000000720200000)
  object space 59200K, 84% used [0x000000071b000000,0x000000071e0c0ea8,0x000000071e9d0000)
Event: 6310.953 GC heap after
Heap after GC invocations=6279 (full 16):
 PSYoungGen      total 1206080K, used 15744K [0x00000007b5600000, 0x0000000800000000, 0x0000000800000000)
  eden space 1189504K, 0% used [0x00000007b5600000,0x00000007b5600000,0x00000007fdfa0000)
  from space 16576K, 94% used [0x00000007fdfa0000,0x00000007fef00000,0x00000007fefd0000)
  to   space 16512K, 0% used [0x00000007fefe0000,0x00000007fefe0000,0x0000000800000000)
 ParOldGen       total 1179840K, used 996964K [0x0000000720200000, 0x0000000768230000, 0x00000007b5600000)
  object space 1179840K, 84% used [0x0000000720200000,0x000000075cf99190,0x0000000768230000)
 PSPermGen       total 59200K, used 49923K [0x000000071b000000, 0x000000071e9d0000, 0x0000000720200000)
  object space 59200K, 84% used [0x000000071b000000,0x000000071e0c0ea8,0x000000071e9d0000)
}

